{"name": "To check whether WEB SERIES page is as required", "status": "failed", "statusDetails": {"message": "AssertionError: Articles are not appended post 'Load More Stories' button click for Web Series page\n", "trace": "  File \"C:\\Python\\Python39\\lib\\site-packages\\behave\\model.py\", line 1329, in run\n    match.run(runner.context)\n  File \"C:\\Python\\Python39\\lib\\site-packages\\behave\\matchers.py\", line 98, in run\n    self.func(context, *args, **kwargs)\n  File \"features\\steps\\StepDefinitions.py\", line 105, in step_impl\n    verify_particular_page(\"WEB SERIES\")\n  File \"C:\\git\\blavity\\blavity.com\\GUIAutomatedTests\\ShadowAndAct\\features\\steps\\common_pages.py\", line 26, in verify_particular_page\n    verify_number_of_articles(temp_variable)\n  File \"C:\\git\\blavity\\blavity.com\\GUIAutomatedTests\\ShadowAndAct\\features\\steps\\common_pages.py\", line 53, in verify_number_of_articles\n    assert len(temp_number_post_click) > len(temp_number), \\\n"}, "steps": [{"name": "Given url is launched", "status": "passed", "start": 1643628958886, "stop": 1643628994285}, {"name": "When I am on shadowandact page", "status": "passed", "start": 1643628994285, "stop": 1643628994295}, {"name": "Then check whether page is loaded", "status": "passed", "start": 1643628994295, "stop": 1643628994322}, {"name": "Then verify whether Web Series page is as required", "status": "failed", "statusDetails": {"message": "AssertionError: Articles are not appended post 'Load More Stories' button click for Web Series page\n", "trace": "  File \"C:\\Python\\Python39\\lib\\site-packages\\behave\\model.py\", line 1329, in run\n    match.run(runner.context)\n  File \"C:\\Python\\Python39\\lib\\site-packages\\behave\\matchers.py\", line 98, in run\n    self.func(context, *args, **kwargs)\n  File \"features\\steps\\StepDefinitions.py\", line 105, in step_impl\n    verify_particular_page(\"WEB SERIES\")\n  File \"C:\\git\\blavity\\blavity.com\\GUIAutomatedTests\\ShadowAndAct\\features\\steps\\common_pages.py\", line 26, in verify_particular_page\n    verify_number_of_articles(temp_variable)\n  File \"C:\\git\\blavity\\blavity.com\\GUIAutomatedTests\\ShadowAndAct\\features\\steps\\common_pages.py\", line 53, in verify_number_of_articles\n    assert len(temp_number_post_click) > len(temp_number), \\\n"}, "start": 1643628994323, "stop": 1643629062030}, {"name": "Then verify footer section is present and displayed", "status": "skipped", "start": 1643629062031, "stop": 1643629062031}, {"name": "Then close the browser", "status": "skipped", "start": 1643629062031, "stop": 1643629062031}], "start": 1643628958886, "stop": 1643629062031, "uuid": "747fc2bf-3e3d-441b-a9b4-cb22acb607c8", "historyId": "ec8dc3f44ba2aa987284d6310896f9ea", "fullName": "Check Whether web series page for blavity Website ShadowAndAct.com is appropriate: To check whether WEB SERIES page is as required", "labels": [{"name": "severity", "value": "normal"}, {"name": "feature", "value": "Check Whether web series page for blavity Website ShadowAndAct.com is appropriate"}, {"name": "framework", "value": "behave"}, {"name": "language", "value": "cpython3"}]}